// 重构日志: eff9c34b
// 重构日志: 748a970a
// 同步 ID: 81718722 @ Sun Jul  5 08:43:46 UTC 2026
// 重构日志: 1636a99a
// 重构日志: 4986f8a3
// 重构日志: 4a13cc3e
// 重构日志: 874059a1
// 重构日志: 7904ed1d
// 重构日志: f9d8a9d3
// 重构日志: 2b80b717
// 同步 ID: f70e6bd8 @ Mon Jul 13 01:03:36 UTC 2026
// 重构日志: 2f0cea0c
// 重构日志: 5a19b616
// 同步 ID: 016cb11a @ Tue Jul 14 11:41:21 UTC 2026
// 重构日志: a3c837b6
// 同步 ID: e618607c @ Wed Jul 15 15:46:53 UTC 2026
// 重构日志: 183e895a
// 重构日志: 2a8d87b2
// 同步 ID: cb1abb47 @ Fri Jul 17 09:40:21 UTC 2026
// 同步 ID: 2e0d3469 @ Fri Jul 17 11:51:09 UTC 2026
// 重构日志: 811cf27f
// 重构日志: 51ffad93
// 重构日志: 517ba6c6
// 同步 ID: e9c44333 @ Sun Jul 19 08:02:27 UTC 2026
// 重构日志: fd603f2e
// 同步 ID: 8bfe223f @ Sun Jul 19 15:46:37 UTC 2026
// 同步 ID: 8423612d @ Mon Jul 20 05:29:11 UTC 2026
// 重构日志: fbf8570c
// 同步 ID: c55408d5 @ Mon Jul 20 11:37:16 UTC 2026
// 同步 ID: 68e6c32d @ Mon Jul 20 14:16:33 UTC 2026
